29-Mar-2019 17:46:44.162 INFO [main] org.apache.catalina.startup.VersionLoggerListener.log Server version name:   Apache Tomcat/9.0.16
29-Mar-2019 17:46:44.166 INFO [main] org.apache.catalina.startup.VersionLoggerListener.log Server built:          Feb 4 2019 16:30:29 UTC
29-Mar-2019 17:46:44.166 INFO [main] org.apache.catalina.startup.VersionLoggerListener.log Server version number: 9.0.16.0
29-Mar-2019 17:46:44.166 INFO [main] org.apache.catalina.startup.VersionLoggerListener.log OS Name:               Mac OS X
29-Mar-2019 17:46:44.167 INFO [main] org.apache.catalina.startup.VersionLoggerListener.log OS Version:            10.14
29-Mar-2019 17:46:44.167 INFO [main] org.apache.catalina.startup.VersionLoggerListener.log Architecture:          x86_64
29-Mar-2019 17:46:44.167 INFO [main] org.apache.catalina.startup.VersionLoggerListener.log Java Home:             /Library/Java/JavaVirtualMachines/jdk-11.0.2.jdk/Contents/Home
29-Mar-2019 17:46:44.167 INFO [main] org.apache.catalina.startup.VersionLoggerListener.log JVM Version:           11.0.2+9-LTS
29-Mar-2019 17:46:44.167 INFO [main] org.apache.catalina.startup.VersionLoggerListener.log JVM Vendor:            Oracle Corporation
29-Mar-2019 17:46:44.168 INFO [main] org.apache.catalina.startup.VersionLoggerListener.log CATALINA_BASE:         /Users/yaminipattan/Documents/College/PersonalProjects/myWebProject/tomcat
29-Mar-2019 17:46:44.168 INFO [main] org.apache.catalina.startup.VersionLoggerListener.log CATALINA_HOME:         /Users/yaminipattan/Documents/College/PersonalProjects/myWebProject/tomcat
29-Mar-2019 17:46:44.172 INFO [main] org.apache.catalina.startup.VersionLoggerListener.log Command line argument: --add-opens=java.base/java.lang=ALL-UNNAMED
29-Mar-2019 17:46:44.174 INFO [main] org.apache.catalina.startup.VersionLoggerListener.log Command line argument: --add-opens=java.base/java.io=ALL-UNNAMED
29-Mar-2019 17:46:44.175 INFO [main] org.apache.catalina.startup.VersionLoggerListener.log Command line argument: --add-opens=java.rmi/sun.rmi.transport=ALL-UNNAMED
29-Mar-2019 17:46:44.175 INFO [main] org.apache.catalina.startup.VersionLoggerListener.log Command line argument: -Djava.util.logging.config.file=//Users/yaminipattan/Documents/College/PersonalProjects/myWebProject/tomcat/conf/logging.properties
29-Mar-2019 17:46:44.175 INFO [main] org.apache.catalina.startup.VersionLoggerListener.log Command line argument: -Djava.util.logging.manager=org.apache.juli.ClassLoaderLogManager
29-Mar-2019 17:46:44.175 INFO [main] org.apache.catalina.startup.VersionLoggerListener.log Command line argument: -Djdk.tls.ephemeralDHKeySize=2048
29-Mar-2019 17:46:44.176 INFO [main] org.apache.catalina.startup.VersionLoggerListener.log Command line argument: -Djava.protocol.handler.pkgs=org.apache.catalina.webresources
29-Mar-2019 17:46:44.176 INFO [main] org.apache.catalina.startup.VersionLoggerListener.log Command line argument: -Dorg.apache.catalina.security.SecurityListener.UMASK=0027
29-Mar-2019 17:46:44.176 INFO [main] org.apache.catalina.startup.VersionLoggerListener.log Command line argument: -Dignore.endorsed.dirs=
29-Mar-2019 17:46:44.176 INFO [main] org.apache.catalina.startup.VersionLoggerListener.log Command line argument: -Dcatalina.base=//Users/yaminipattan/Documents/College/PersonalProjects/myWebProject/tomcat
29-Mar-2019 17:46:44.176 INFO [main] org.apache.catalina.startup.VersionLoggerListener.log Command line argument: -Dcatalina.home=//Users/yaminipattan/Documents/College/PersonalProjects/myWebProject/tomcat
29-Mar-2019 17:46:44.178 INFO [main] org.apache.catalina.startup.VersionLoggerListener.log Command line argument: -Djava.io.tmpdir=//Users/yaminipattan/Documents/College/PersonalProjects/myWebProject/tomcat/temp
29-Mar-2019 17:46:44.179 INFO [main] org.apache.catalina.core.AprLifecycleListener.lifecycleEvent The APR based Apache Tomcat Native library which allows optimal performance in production environments was not found on the java.library.path: [/Users/yaminipattan/Library/Java/Extensions:/Library/Java/Extensions:/Network/Library/Java/Extensions:/System/Library/Java/Extensions:/usr/lib/java:.]
29-Mar-2019 17:46:44.253 INFO [main] org.apache.coyote.AbstractProtocol.init Initializing ProtocolHandler ["http-nio-9999"]
29-Mar-2019 17:46:44.329 INFO [main] org.apache.coyote.AbstractProtocol.init Initializing ProtocolHandler ["ajp-nio-8009"]
29-Mar-2019 17:46:44.336 INFO [main] org.apache.catalina.startup.Catalina.load Server initialization in [882] milliseconds
29-Mar-2019 17:46:44.421 INFO [main] org.apache.catalina.core.StandardService.startInternal Starting service [Catalina]
29-Mar-2019 17:46:44.421 INFO [main] org.apache.catalina.core.StandardEngine.startInternal Starting Servlet engine: [Apache Tomcat/9.0.16]
29-Mar-2019 17:46:44.433 INFO [main] org.apache.catalina.startup.HostConfig.deployDirectory Deploying web application directory [/Users/yaminipattan/Documents/College/PersonalProjects/myWebProject/tomcat/webapps/ebookshop]
29-Mar-2019 17:46:45.390 INFO [main] org.apache.jasper.servlet.TldScanner.scanJars At least one JAR was scanned for TLDs yet contained no TLDs. Enable debug logging for this logger for a complete list of JARs that were scanned but no TLDs were found in them. Skipping unneeded JARs during scanning can improve startup time and JSP compilation time.
29-Mar-2019 17:46:45.452 INFO [main] org.apache.catalina.startup.HostConfig.deployDirectory Deployment of web application directory [/Users/yaminipattan/Documents/College/PersonalProjects/myWebProject/tomcat/webapps/ebookshop] has finished in [1,019] ms
29-Mar-2019 17:46:45.454 INFO [main] org.apache.catalina.startup.HostConfig.deployDirectory Deploying web application directory [/Users/yaminipattan/Documents/College/PersonalProjects/myWebProject/tomcat/webapps/docs]
29-Mar-2019 17:46:45.744 INFO [main] org.apache.jasper.servlet.TldScanner.scanJars At least one JAR was scanned for TLDs yet contained no TLDs. Enable debug logging for this logger for a complete list of JARs that were scanned but no TLDs were found in them. Skipping unneeded JARs during scanning can improve startup time and JSP compilation time.
29-Mar-2019 17:46:45.746 INFO [main] org.apache.catalina.startup.HostConfig.deployDirectory Deployment of web application directory [/Users/yaminipattan/Documents/College/PersonalProjects/myWebProject/tomcat/webapps/docs] has finished in [293] ms
29-Mar-2019 17:46:45.747 INFO [main] org.apache.catalina.startup.HostConfig.deployDirectory Deploying web application directory [/Users/yaminipattan/Documents/College/PersonalProjects/myWebProject/tomcat/webapps/manager]
29-Mar-2019 17:46:46.026 INFO [main] org.apache.jasper.servlet.TldScanner.scanJars At least one JAR was scanned for TLDs yet contained no TLDs. Enable debug logging for this logger for a complete list of JARs that were scanned but no TLDs were found in them. Skipping unneeded JARs during scanning can improve startup time and JSP compilation time.
29-Mar-2019 17:46:46.033 INFO [main] org.apache.catalina.startup.HostConfig.deployDirectory Deployment of web application directory [/Users/yaminipattan/Documents/College/PersonalProjects/myWebProject/tomcat/webapps/manager] has finished in [285] ms
29-Mar-2019 17:46:46.033 INFO [main] org.apache.catalina.startup.HostConfig.deployDirectory Deploying web application directory [/Users/yaminipattan/Documents/College/PersonalProjects/myWebProject/tomcat/webapps/examples]
29-Mar-2019 17:46:46.537 INFO [main] org.apache.jasper.servlet.TldScanner.scanJars At least one JAR was scanned for TLDs yet contained no TLDs. Enable debug logging for this logger for a complete list of JARs that were scanned but no TLDs were found in them. Skipping unneeded JARs during scanning can improve startup time and JSP compilation time.
29-Mar-2019 17:46:46.556 INFO [main] org.apache.catalina.startup.HostConfig.deployDirectory Deployment of web application directory [/Users/yaminipattan/Documents/College/PersonalProjects/myWebProject/tomcat/webapps/examples] has finished in [523] ms
29-Mar-2019 17:46:46.556 INFO [main] org.apache.catalina.startup.HostConfig.deployDirectory Deploying web application directory [/Users/yaminipattan/Documents/College/PersonalProjects/myWebProject/tomcat/webapps/ROOT]
29-Mar-2019 17:46:46.800 INFO [main] org.apache.jasper.servlet.TldScanner.scanJars At least one JAR was scanned for TLDs yet contained no TLDs. Enable debug logging for this logger for a complete list of JARs that were scanned but no TLDs were found in them. Skipping unneeded JARs during scanning can improve startup time and JSP compilation time.
29-Mar-2019 17:46:46.802 INFO [main] org.apache.catalina.startup.HostConfig.deployDirectory Deployment of web application directory [/Users/yaminipattan/Documents/College/PersonalProjects/myWebProject/tomcat/webapps/ROOT] has finished in [245] ms
29-Mar-2019 17:46:46.802 INFO [main] org.apache.catalina.startup.HostConfig.deployDirectory Deploying web application directory [/Users/yaminipattan/Documents/College/PersonalProjects/myWebProject/tomcat/webapps/hello]
29-Mar-2019 17:46:47.157 INFO [main] org.apache.jasper.servlet.TldScanner.scanJars At least one JAR was scanned for TLDs yet contained no TLDs. Enable debug logging for this logger for a complete list of JARs that were scanned but no TLDs were found in them. Skipping unneeded JARs during scanning can improve startup time and JSP compilation time.
29-Mar-2019 17:46:47.161 INFO [main] org.apache.catalina.startup.HostConfig.deployDirectory Deployment of web application directory [/Users/yaminipattan/Documents/College/PersonalProjects/myWebProject/tomcat/webapps/hello] has finished in [359] ms
29-Mar-2019 17:46:47.162 INFO [main] org.apache.catalina.startup.HostConfig.deployDirectory Deploying web application directory [/Users/yaminipattan/Documents/College/PersonalProjects/myWebProject/tomcat/webapps/host-manager]
29-Mar-2019 17:46:47.402 INFO [main] org.apache.jasper.servlet.TldScanner.scanJars At least one JAR was scanned for TLDs yet contained no TLDs. Enable debug logging for this logger for a complete list of JARs that were scanned but no TLDs were found in them. Skipping unneeded JARs during scanning can improve startup time and JSP compilation time.
29-Mar-2019 17:46:47.405 INFO [main] org.apache.catalina.startup.HostConfig.deployDirectory Deployment of web application directory [/Users/yaminipattan/Documents/College/PersonalProjects/myWebProject/tomcat/webapps/host-manager] has finished in [243] ms
29-Mar-2019 17:46:47.415 INFO [main] org.apache.coyote.AbstractProtocol.start Starting ProtocolHandler ["http-nio-9999"]
29-Mar-2019 17:46:47.425 INFO [main] org.apache.coyote.AbstractProtocol.start Starting ProtocolHandler ["ajp-nio-8009"]
29-Mar-2019 17:46:47.429 INFO [main] org.apache.catalina.startup.Catalina.start Server startup in [3,092] milliseconds
