28-Mar-2019 00:18:36.213 INFO [main] org.apache.catalina.core.ApplicationContext.log ContextListener: contextInitialized()
28-Mar-2019 00:18:36.213 INFO [main] org.apache.catalina.core.ApplicationContext.log SessionListener: contextInitialized()
28-Mar-2019 00:18:36.215 INFO [main] org.apache.catalina.core.ApplicationContext.log ContextListener: attributeAdded('StockTicker', 'async.Stockticker@1c65121')
28-Mar-2019 00:22:56.390 INFO [Thread-4] org.apache.catalina.core.ApplicationContext.log SessionListener: contextDestroyed()
28-Mar-2019 00:22:56.390 INFO [Thread-4] org.apache.catalina.core.ApplicationContext.log ContextListener: contextDestroyed()
28-Mar-2019 08:08:51.268 INFO [main] org.apache.catalina.core.ApplicationContext.log ContextListener: contextInitialized()
28-Mar-2019 08:08:51.269 INFO [main] org.apache.catalina.core.ApplicationContext.log SessionListener: contextInitialized()
28-Mar-2019 08:08:51.271 INFO [main] org.apache.catalina.core.ApplicationContext.log ContextListener: attributeAdded('StockTicker', 'async.Stockticker@3add81c4')
28-Mar-2019 08:11:21.775 INFO [Thread-4] org.apache.catalina.core.ApplicationContext.log SessionListener: contextDestroyed()
28-Mar-2019 08:11:21.776 INFO [Thread-4] org.apache.catalina.core.ApplicationContext.log ContextListener: contextDestroyed()
28-Mar-2019 08:11:27.984 INFO [main] org.apache.catalina.core.ApplicationContext.log ContextListener: contextInitialized()
28-Mar-2019 08:11:27.984 INFO [main] org.apache.catalina.core.ApplicationContext.log SessionListener: contextInitialized()
28-Mar-2019 08:11:27.985 INFO [main] org.apache.catalina.core.ApplicationContext.log ContextListener: attributeAdded('StockTicker', 'async.Stockticker@57dc9128')
28-Mar-2019 08:14:01.296 INFO [Thread-4] org.apache.catalina.core.ApplicationContext.log SessionListener: contextDestroyed()
28-Mar-2019 08:14:01.297 INFO [Thread-4] org.apache.catalina.core.ApplicationContext.log ContextListener: contextDestroyed()
28-Mar-2019 08:14:04.985 INFO [main] org.apache.catalina.core.ApplicationContext.log ContextListener: contextInitialized()
28-Mar-2019 08:14:04.987 INFO [main] org.apache.catalina.core.ApplicationContext.log SessionListener: contextInitialized()
28-Mar-2019 08:14:04.989 INFO [main] org.apache.catalina.core.ApplicationContext.log ContextListener: attributeAdded('StockTicker', 'async.Stockticker@1a1d3c1a')
28-Mar-2019 08:14:49.868 INFO [Thread-4] org.apache.catalina.core.ApplicationContext.log SessionListener: contextDestroyed()
28-Mar-2019 08:14:49.868 INFO [Thread-4] org.apache.catalina.core.ApplicationContext.log ContextListener: contextDestroyed()
28-Mar-2019 08:14:57.103 INFO [main] org.apache.catalina.core.ApplicationContext.log ContextListener: contextInitialized()
28-Mar-2019 08:14:57.104 INFO [main] org.apache.catalina.core.ApplicationContext.log SessionListener: contextInitialized()
28-Mar-2019 08:14:57.105 INFO [main] org.apache.catalina.core.ApplicationContext.log ContextListener: attributeAdded('StockTicker', 'async.Stockticker@39fc6b2c')
28-Mar-2019 08:17:23.218 INFO [Thread-4] org.apache.catalina.core.ApplicationContext.log SessionListener: contextDestroyed()
28-Mar-2019 08:17:23.218 INFO [Thread-4] org.apache.catalina.core.ApplicationContext.log ContextListener: contextDestroyed()
28-Mar-2019 08:18:37.735 INFO [main] org.apache.catalina.core.ApplicationContext.log ContextListener: contextInitialized()
28-Mar-2019 08:18:37.735 INFO [main] org.apache.catalina.core.ApplicationContext.log SessionListener: contextInitialized()
28-Mar-2019 08:18:37.737 INFO [main] org.apache.catalina.core.ApplicationContext.log ContextListener: attributeAdded('StockTicker', 'async.Stockticker@2fb68ec6')
28-Mar-2019 08:28:37.690 INFO [Thread-4] org.apache.catalina.core.ApplicationContext.log SessionListener: contextDestroyed()
28-Mar-2019 08:28:37.690 INFO [Thread-4] org.apache.catalina.core.ApplicationContext.log ContextListener: contextDestroyed()
28-Mar-2019 08:28:44.078 INFO [main] org.apache.catalina.core.ApplicationContext.log ContextListener: contextInitialized()
28-Mar-2019 08:28:44.078 INFO [main] org.apache.catalina.core.ApplicationContext.log SessionListener: contextInitialized()
28-Mar-2019 08:28:44.080 INFO [main] org.apache.catalina.core.ApplicationContext.log ContextListener: attributeAdded('StockTicker', 'async.Stockticker@799f354a')
28-Mar-2019 08:30:24.784 INFO [Thread-4] org.apache.catalina.core.ApplicationContext.log SessionListener: contextDestroyed()
28-Mar-2019 08:30:24.785 INFO [Thread-4] org.apache.catalina.core.ApplicationContext.log ContextListener: contextDestroyed()
28-Mar-2019 08:31:07.707 INFO [main] org.apache.catalina.core.ApplicationContext.log ContextListener: contextInitialized()
28-Mar-2019 08:31:07.707 INFO [main] org.apache.catalina.core.ApplicationContext.log SessionListener: contextInitialized()
28-Mar-2019 08:31:07.709 INFO [main] org.apache.catalina.core.ApplicationContext.log ContextListener: attributeAdded('StockTicker', 'async.Stockticker@1144a02b')
28-Mar-2019 08:32:03.270 INFO [Thread-4] org.apache.catalina.core.ApplicationContext.log SessionListener: contextDestroyed()
28-Mar-2019 08:32:03.270 INFO [Thread-4] org.apache.catalina.core.ApplicationContext.log ContextListener: contextDestroyed()
28-Mar-2019 08:32:29.178 INFO [main] org.apache.catalina.core.ApplicationContext.log ContextListener: contextInitialized()
28-Mar-2019 08:32:29.179 INFO [main] org.apache.catalina.core.ApplicationContext.log SessionListener: contextInitialized()
28-Mar-2019 08:32:29.180 INFO [main] org.apache.catalina.core.ApplicationContext.log ContextListener: attributeAdded('StockTicker', 'async.Stockticker@55c1ced9')
28-Mar-2019 08:37:59.078 INFO [Thread-4] org.apache.catalina.core.ApplicationContext.log SessionListener: contextDestroyed()
28-Mar-2019 08:37:59.078 INFO [Thread-4] org.apache.catalina.core.ApplicationContext.log ContextListener: contextDestroyed()
28-Mar-2019 08:38:22.294 INFO [main] org.apache.catalina.core.ApplicationContext.log ContextListener: contextInitialized()
28-Mar-2019 08:38:22.294 INFO [main] org.apache.catalina.core.ApplicationContext.log SessionListener: contextInitialized()
28-Mar-2019 08:38:22.296 INFO [main] org.apache.catalina.core.ApplicationContext.log ContextListener: attributeAdded('StockTicker', 'async.Stockticker@10a907ec')
28-Mar-2019 08:44:27.645 INFO [Thread-4] org.apache.catalina.core.ApplicationContext.log SessionListener: contextDestroyed()
28-Mar-2019 08:44:27.645 INFO [Thread-4] org.apache.catalina.core.ApplicationContext.log ContextListener: contextDestroyed()
28-Mar-2019 08:44:33.371 INFO [main] org.apache.catalina.core.ApplicationContext.log ContextListener: contextInitialized()
28-Mar-2019 08:44:33.371 INFO [main] org.apache.catalina.core.ApplicationContext.log SessionListener: contextInitialized()
28-Mar-2019 08:44:33.373 INFO [main] org.apache.catalina.core.ApplicationContext.log ContextListener: attributeAdded('StockTicker', 'async.Stockticker@59b492ec')
28-Mar-2019 09:40:47.350 INFO [Thread-4] org.apache.catalina.core.ApplicationContext.log SessionListener: contextDestroyed()
28-Mar-2019 09:40:47.350 INFO [Thread-4] org.apache.catalina.core.ApplicationContext.log ContextListener: contextDestroyed()
28-Mar-2019 09:40:55.596 INFO [main] org.apache.catalina.core.ApplicationContext.log ContextListener: contextInitialized()
28-Mar-2019 09:40:55.597 INFO [main] org.apache.catalina.core.ApplicationContext.log SessionListener: contextInitialized()
28-Mar-2019 09:40:55.598 INFO [main] org.apache.catalina.core.ApplicationContext.log ContextListener: attributeAdded('StockTicker', 'async.Stockticker@17216605')
28-Mar-2019 10:24:36.987 INFO [Thread-4] org.apache.catalina.core.ApplicationContext.log SessionListener: contextDestroyed()
28-Mar-2019 10:24:36.988 INFO [Thread-4] org.apache.catalina.core.ApplicationContext.log ContextListener: contextDestroyed()
28-Mar-2019 10:24:43.087 INFO [main] org.apache.catalina.core.ApplicationContext.log ContextListener: contextInitialized()
28-Mar-2019 10:24:43.088 INFO [main] org.apache.catalina.core.ApplicationContext.log SessionListener: contextInitialized()
28-Mar-2019 10:24:43.094 INFO [main] org.apache.catalina.core.ApplicationContext.log ContextListener: attributeAdded('StockTicker', 'async.Stockticker@10a907ec')
28-Mar-2019 10:27:14.032 INFO [Thread-4] org.apache.catalina.core.ApplicationContext.log SessionListener: contextDestroyed()
28-Mar-2019 10:27:14.032 INFO [Thread-4] org.apache.catalina.core.ApplicationContext.log ContextListener: contextDestroyed()
28-Mar-2019 10:28:35.663 INFO [main] org.apache.catalina.core.ApplicationContext.log ContextListener: contextInitialized()
28-Mar-2019 10:28:35.663 INFO [main] org.apache.catalina.core.ApplicationContext.log SessionListener: contextInitialized()
28-Mar-2019 10:28:35.665 INFO [main] org.apache.catalina.core.ApplicationContext.log ContextListener: attributeAdded('StockTicker', 'async.Stockticker@642c6461')
28-Mar-2019 10:32:25.559 INFO [Thread-4] org.apache.catalina.core.ApplicationContext.log SessionListener: contextDestroyed()
28-Mar-2019 10:32:25.559 INFO [Thread-4] org.apache.catalina.core.ApplicationContext.log ContextListener: contextDestroyed()
28-Mar-2019 10:32:31.948 INFO [main] org.apache.catalina.core.ApplicationContext.log ContextListener: contextInitialized()
28-Mar-2019 10:32:31.948 INFO [main] org.apache.catalina.core.ApplicationContext.log SessionListener: contextInitialized()
28-Mar-2019 10:32:31.950 INFO [main] org.apache.catalina.core.ApplicationContext.log ContextListener: attributeAdded('StockTicker', 'async.Stockticker@6f25bf88')
28-Mar-2019 10:32:51.658 INFO [Thread-4] org.apache.catalina.core.ApplicationContext.log SessionListener: contextDestroyed()
28-Mar-2019 10:32:51.658 INFO [Thread-4] org.apache.catalina.core.ApplicationContext.log ContextListener: contextDestroyed()
28-Mar-2019 10:32:58.640 INFO [main] org.apache.catalina.core.ApplicationContext.log ContextListener: contextInitialized()
28-Mar-2019 10:32:58.641 INFO [main] org.apache.catalina.core.ApplicationContext.log SessionListener: contextInitialized()
28-Mar-2019 10:32:58.642 INFO [main] org.apache.catalina.core.ApplicationContext.log ContextListener: attributeAdded('StockTicker', 'async.Stockticker@7af1d072')
28-Mar-2019 10:53:40.546 INFO [Thread-4] org.apache.catalina.core.ApplicationContext.log SessionListener: contextDestroyed()
28-Mar-2019 10:53:40.547 INFO [Thread-4] org.apache.catalina.core.ApplicationContext.log ContextListener: contextDestroyed()
28-Mar-2019 10:53:45.649 INFO [main] org.apache.catalina.core.ApplicationContext.log ContextListener: contextInitialized()
28-Mar-2019 10:53:45.650 INFO [main] org.apache.catalina.core.ApplicationContext.log SessionListener: contextInitialized()
28-Mar-2019 10:53:45.651 INFO [main] org.apache.catalina.core.ApplicationContext.log ContextListener: attributeAdded('StockTicker', 'async.Stockticker@55c1ced9')
28-Mar-2019 10:58:21.097 INFO [Thread-4] org.apache.catalina.core.ApplicationContext.log SessionListener: contextDestroyed()
28-Mar-2019 10:58:21.097 INFO [Thread-4] org.apache.catalina.core.ApplicationContext.log ContextListener: contextDestroyed()
28-Mar-2019 10:58:27.212 INFO [main] org.apache.catalina.core.ApplicationContext.log ContextListener: contextInitialized()
28-Mar-2019 10:58:27.221 INFO [main] org.apache.catalina.core.ApplicationContext.log SessionListener: contextInitialized()
28-Mar-2019 10:58:27.223 INFO [main] org.apache.catalina.core.ApplicationContext.log ContextListener: attributeAdded('StockTicker', 'async.Stockticker@26a4f9ed')
28-Mar-2019 11:11:19.646 INFO [Thread-4] org.apache.catalina.core.ApplicationContext.log SessionListener: contextDestroyed()
28-Mar-2019 11:11:19.647 INFO [Thread-4] org.apache.catalina.core.ApplicationContext.log ContextListener: contextDestroyed()
28-Mar-2019 11:11:32.393 INFO [main] org.apache.catalina.core.ApplicationContext.log ContextListener: contextInitialized()
28-Mar-2019 11:11:32.393 INFO [main] org.apache.catalina.core.ApplicationContext.log SessionListener: contextInitialized()
28-Mar-2019 11:11:32.395 INFO [main] org.apache.catalina.core.ApplicationContext.log ContextListener: attributeAdded('StockTicker', 'async.Stockticker@55c1ced9')
28-Mar-2019 11:17:12.348 INFO [Thread-4] org.apache.catalina.core.ApplicationContext.log SessionListener: contextDestroyed()
28-Mar-2019 11:17:12.348 INFO [Thread-4] org.apache.catalina.core.ApplicationContext.log ContextListener: contextDestroyed()
28-Mar-2019 11:17:17.504 INFO [main] org.apache.catalina.core.ApplicationContext.log ContextListener: contextInitialized()
28-Mar-2019 11:17:17.505 INFO [main] org.apache.catalina.core.ApplicationContext.log SessionListener: contextInitialized()
28-Mar-2019 11:17:17.506 INFO [main] org.apache.catalina.core.ApplicationContext.log ContextListener: attributeAdded('StockTicker', 'async.Stockticker@49cc9b2a')
28-Mar-2019 13:34:41.718 INFO [Thread-4] org.apache.catalina.core.ApplicationContext.log SessionListener: contextDestroyed()
28-Mar-2019 13:34:41.721 INFO [Thread-4] org.apache.catalina.core.ApplicationContext.log ContextListener: contextDestroyed()
