27-Mar-2019 20:41:31.499 INFO [main] org.apache.catalina.core.ApplicationContext.log ContextListener: contextInitialized()
27-Mar-2019 20:41:31.501 INFO [main] org.apache.catalina.core.ApplicationContext.log SessionListener: contextInitialized()
27-Mar-2019 20:41:31.504 INFO [main] org.apache.catalina.core.ApplicationContext.log ContextListener: attributeAdded('StockTicker', 'async.Stockticker@15deb1dc')
27-Mar-2019 20:41:42.436 INFO [Thread-4] org.apache.catalina.core.ApplicationContext.log SessionListener: contextDestroyed()
27-Mar-2019 20:41:42.436 INFO [Thread-4] org.apache.catalina.core.ApplicationContext.log ContextListener: contextDestroyed()
27-Mar-2019 21:10:49.581 INFO [main] org.apache.catalina.core.ApplicationContext.log ContextListener: contextInitialized()
27-Mar-2019 21:10:49.583 INFO [main] org.apache.catalina.core.ApplicationContext.log SessionListener: contextInitialized()
27-Mar-2019 21:10:49.585 INFO [main] org.apache.catalina.core.ApplicationContext.log ContextListener: attributeAdded('StockTicker', 'async.Stockticker@1e53135d')
27-Mar-2019 21:11:16.257 INFO [Thread-4] org.apache.catalina.core.ApplicationContext.log SessionListener: contextDestroyed()
27-Mar-2019 21:11:16.257 INFO [Thread-4] org.apache.catalina.core.ApplicationContext.log ContextListener: contextDestroyed()
27-Mar-2019 21:11:20.193 INFO [main] org.apache.catalina.core.ApplicationContext.log ContextListener: contextInitialized()
27-Mar-2019 21:11:20.194 INFO [main] org.apache.catalina.core.ApplicationContext.log SessionListener: contextInitialized()
27-Mar-2019 21:11:20.196 INFO [main] org.apache.catalina.core.ApplicationContext.log ContextListener: attributeAdded('StockTicker', 'async.Stockticker@50d68830')
27-Mar-2019 21:11:51.743 INFO [Thread-4] org.apache.catalina.core.ApplicationContext.log SessionListener: contextDestroyed()
27-Mar-2019 21:11:51.744 INFO [Thread-4] org.apache.catalina.core.ApplicationContext.log ContextListener: contextDestroyed()
27-Mar-2019 21:14:19.281 INFO [main] org.apache.catalina.core.ApplicationContext.log ContextListener: contextInitialized()
27-Mar-2019 21:14:19.282 INFO [main] org.apache.catalina.core.ApplicationContext.log SessionListener: contextInitialized()
27-Mar-2019 21:14:19.284 INFO [main] org.apache.catalina.core.ApplicationContext.log ContextListener: attributeAdded('StockTicker', 'async.Stockticker@1bb9aa43')
27-Mar-2019 21:24:15.350 INFO [Thread-4] org.apache.catalina.core.ApplicationContext.log SessionListener: contextDestroyed()
27-Mar-2019 21:24:15.350 INFO [Thread-4] org.apache.catalina.core.ApplicationContext.log ContextListener: contextDestroyed()
27-Mar-2019 21:25:03.036 INFO [main] org.apache.catalina.core.ApplicationContext.log ContextListener: contextInitialized()
27-Mar-2019 21:25:03.037 INFO [main] org.apache.catalina.core.ApplicationContext.log SessionListener: contextInitialized()
27-Mar-2019 21:25:03.039 INFO [main] org.apache.catalina.core.ApplicationContext.log ContextListener: attributeAdded('StockTicker', 'async.Stockticker@2e6ee0bc')
27-Mar-2019 21:25:04.479 INFO [Thread-4] org.apache.catalina.core.ApplicationContext.log SessionListener: contextDestroyed()
27-Mar-2019 21:25:04.479 INFO [Thread-4] org.apache.catalina.core.ApplicationContext.log ContextListener: contextDestroyed()
27-Mar-2019 22:02:05.535 INFO [main] org.apache.catalina.core.ApplicationContext.log ContextListener: contextInitialized()
27-Mar-2019 22:02:05.536 INFO [main] org.apache.catalina.core.ApplicationContext.log SessionListener: contextInitialized()
27-Mar-2019 22:02:05.538 INFO [main] org.apache.catalina.core.ApplicationContext.log ContextListener: attributeAdded('StockTicker', 'async.Stockticker@3b718392')
27-Mar-2019 22:04:45.130 INFO [Thread-4] org.apache.catalina.core.ApplicationContext.log SessionListener: contextDestroyed()
27-Mar-2019 22:04:45.130 INFO [Thread-4] org.apache.catalina.core.ApplicationContext.log ContextListener: contextDestroyed()
27-Mar-2019 22:04:50.124 INFO [main] org.apache.catalina.core.ApplicationContext.log ContextListener: contextInitialized()
27-Mar-2019 22:04:50.125 INFO [main] org.apache.catalina.core.ApplicationContext.log SessionListener: contextInitialized()
27-Mar-2019 22:04:50.127 INFO [main] org.apache.catalina.core.ApplicationContext.log ContextListener: attributeAdded('StockTicker', 'async.Stockticker@d71adc2')
27-Mar-2019 22:09:50.851 INFO [Thread-4] org.apache.catalina.core.ApplicationContext.log SessionListener: contextDestroyed()
27-Mar-2019 22:09:50.851 INFO [Thread-4] org.apache.catalina.core.ApplicationContext.log ContextListener: contextDestroyed()
27-Mar-2019 22:09:59.564 INFO [main] org.apache.catalina.core.ApplicationContext.log ContextListener: contextInitialized()
27-Mar-2019 22:09:59.564 INFO [main] org.apache.catalina.core.ApplicationContext.log SessionListener: contextInitialized()
27-Mar-2019 22:09:59.566 INFO [main] org.apache.catalina.core.ApplicationContext.log ContextListener: attributeAdded('StockTicker', 'async.Stockticker@3ee39da0')
27-Mar-2019 23:34:22.932 INFO [Thread-4] org.apache.catalina.core.ApplicationContext.log SessionListener: contextDestroyed()
27-Mar-2019 23:34:22.932 INFO [Thread-4] org.apache.catalina.core.ApplicationContext.log ContextListener: contextDestroyed()
