09-Feb-2019 15:36:55.371 INFO [main] org.apache.catalina.core.ApplicationContext.log ContextListener: contextInitialized()
09-Feb-2019 15:36:55.372 INFO [main] org.apache.catalina.core.ApplicationContext.log SessionListener: contextInitialized()
09-Feb-2019 15:36:55.379 INFO [main] org.apache.catalina.core.ApplicationContext.log ContextListener: attributeAdded('StockTicker', 'async.Stockticker@24313fcc')
09-Feb-2019 15:42:44.754 INFO [main] org.apache.catalina.core.ApplicationContext.log SessionListener: contextDestroyed()
09-Feb-2019 15:42:44.754 INFO [main] org.apache.catalina.core.ApplicationContext.log ContextListener: contextDestroyed()
09-Feb-2019 15:52:50.127 INFO [main] org.apache.catalina.core.ApplicationContext.log ContextListener: contextInitialized()
09-Feb-2019 15:52:50.127 INFO [main] org.apache.catalina.core.ApplicationContext.log SessionListener: contextInitialized()
09-Feb-2019 15:52:50.128 INFO [main] org.apache.catalina.core.ApplicationContext.log ContextListener: attributeAdded('StockTicker', 'async.Stockticker@24313fcc')
09-Feb-2019 15:56:29.678 INFO [Thread-5] org.apache.catalina.core.ApplicationContext.log SessionListener: contextDestroyed()
09-Feb-2019 15:56:29.678 INFO [Thread-5] org.apache.catalina.core.ApplicationContext.log ContextListener: contextDestroyed()
09-Feb-2019 16:00:08.649 INFO [main] org.apache.catalina.core.ApplicationContext.log ContextListener: contextInitialized()
09-Feb-2019 16:00:08.649 INFO [main] org.apache.catalina.core.ApplicationContext.log SessionListener: contextInitialized()
09-Feb-2019 16:00:08.651 INFO [main] org.apache.catalina.core.ApplicationContext.log ContextListener: attributeAdded('StockTicker', 'async.Stockticker@24313fcc')
09-Feb-2019 16:00:14.521 INFO [Thread-5] org.apache.catalina.core.ApplicationContext.log SessionListener: contextDestroyed()
09-Feb-2019 16:00:14.521 INFO [Thread-5] org.apache.catalina.core.ApplicationContext.log ContextListener: contextDestroyed()
09-Feb-2019 16:00:19.150 INFO [main] org.apache.catalina.core.ApplicationContext.log ContextListener: contextInitialized()
09-Feb-2019 16:00:19.151 INFO [main] org.apache.catalina.core.ApplicationContext.log SessionListener: contextInitialized()
09-Feb-2019 16:00:19.153 INFO [main] org.apache.catalina.core.ApplicationContext.log ContextListener: attributeAdded('StockTicker', 'async.Stockticker@7d20d0b')
09-Feb-2019 16:17:24.004 INFO [Thread-5] org.apache.catalina.core.ApplicationContext.log SessionListener: contextDestroyed()
09-Feb-2019 16:17:24.004 INFO [Thread-5] org.apache.catalina.core.ApplicationContext.log ContextListener: contextDestroyed()
09-Feb-2019 17:20:24.013 INFO [main] org.apache.catalina.core.ApplicationContext.log ContextListener: contextInitialized()
09-Feb-2019 17:20:24.013 INFO [main] org.apache.catalina.core.ApplicationContext.log SessionListener: contextInitialized()
09-Feb-2019 17:20:24.014 INFO [main] org.apache.catalina.core.ApplicationContext.log ContextListener: attributeAdded('StockTicker', 'async.Stockticker@24313fcc')
09-Feb-2019 17:48:17.956 INFO [Thread-5] org.apache.catalina.core.ApplicationContext.log SessionListener: contextDestroyed()
09-Feb-2019 17:48:17.957 INFO [Thread-5] org.apache.catalina.core.ApplicationContext.log ContextListener: contextDestroyed()
09-Feb-2019 17:48:36.248 INFO [main] org.apache.catalina.core.ApplicationContext.log ContextListener: contextInitialized()
09-Feb-2019 17:48:36.248 INFO [main] org.apache.catalina.core.ApplicationContext.log SessionListener: contextInitialized()
09-Feb-2019 17:48:36.250 INFO [main] org.apache.catalina.core.ApplicationContext.log ContextListener: attributeAdded('StockTicker', 'async.Stockticker@7d20d0b')
09-Feb-2019 17:48:42.459 INFO [Thread-5] org.apache.catalina.core.ApplicationContext.log SessionListener: contextDestroyed()
09-Feb-2019 17:48:42.459 INFO [Thread-5] org.apache.catalina.core.ApplicationContext.log ContextListener: contextDestroyed()
