30-Mar-2019 09:19:49.784 INFO [Thread-4] org.apache.catalina.core.ApplicationContext.log SessionListener: contextDestroyed()
30-Mar-2019 09:19:49.784 INFO [Thread-4] org.apache.catalina.core.ApplicationContext.log ContextListener: contextDestroyed()
30-Mar-2019 09:19:54.583 INFO [main] org.apache.catalina.core.ApplicationContext.log ContextListener: contextInitialized()
30-Mar-2019 09:19:54.583 INFO [main] org.apache.catalina.core.ApplicationContext.log SessionListener: contextInitialized()
30-Mar-2019 09:19:54.585 INFO [main] org.apache.catalina.core.ApplicationContext.log ContextListener: attributeAdded('StockTicker', 'async.Stockticker@27ffd9f8')
30-Mar-2019 15:01:57.897 INFO [Thread-4] org.apache.catalina.core.ApplicationContext.log SessionListener: contextDestroyed()
30-Mar-2019 15:01:57.898 INFO [Thread-4] org.apache.catalina.core.ApplicationContext.log ContextListener: contextDestroyed()
30-Mar-2019 15:02:03.447 INFO [main] org.apache.catalina.core.ApplicationContext.log ContextListener: contextInitialized()
30-Mar-2019 15:02:03.447 INFO [main] org.apache.catalina.core.ApplicationContext.log SessionListener: contextInitialized()
30-Mar-2019 15:02:03.450 INFO [main] org.apache.catalina.core.ApplicationContext.log ContextListener: attributeAdded('StockTicker', 'async.Stockticker@7af1d072')
30-Mar-2019 17:04:21.968 INFO [Thread-4] org.apache.catalina.core.ApplicationContext.log SessionListener: contextDestroyed()
30-Mar-2019 17:04:21.969 INFO [Thread-4] org.apache.catalina.core.ApplicationContext.log ContextListener: contextDestroyed()
30-Mar-2019 17:04:26.693 INFO [main] org.apache.catalina.core.ApplicationContext.log ContextListener: contextInitialized()
30-Mar-2019 17:04:26.693 INFO [main] org.apache.catalina.core.ApplicationContext.log SessionListener: contextInitialized()
30-Mar-2019 17:04:26.694 INFO [main] org.apache.catalina.core.ApplicationContext.log ContextListener: attributeAdded('StockTicker', 'async.Stockticker@2213639b')
30-Mar-2019 17:26:58.794 INFO [Thread-4] org.apache.catalina.core.ApplicationContext.log SessionListener: contextDestroyed()
30-Mar-2019 17:26:58.794 INFO [Thread-4] org.apache.catalina.core.ApplicationContext.log ContextListener: contextDestroyed()
30-Mar-2019 17:27:03.770 INFO [main] org.apache.catalina.core.ApplicationContext.log ContextListener: contextInitialized()
30-Mar-2019 17:27:03.770 INFO [main] org.apache.catalina.core.ApplicationContext.log SessionListener: contextInitialized()
30-Mar-2019 17:27:03.772 INFO [main] org.apache.catalina.core.ApplicationContext.log ContextListener: attributeAdded('StockTicker', 'async.Stockticker@6c5ca0b6')
30-Mar-2019 18:02:00.037 INFO [Thread-4] org.apache.catalina.core.ApplicationContext.log SessionListener: contextDestroyed()
30-Mar-2019 18:02:00.037 INFO [Thread-4] org.apache.catalina.core.ApplicationContext.log ContextListener: contextDestroyed()
30-Mar-2019 18:02:04.798 INFO [main] org.apache.catalina.core.ApplicationContext.log ContextListener: contextInitialized()
30-Mar-2019 18:02:04.798 INFO [main] org.apache.catalina.core.ApplicationContext.log SessionListener: contextInitialized()
30-Mar-2019 18:02:04.800 INFO [main] org.apache.catalina.core.ApplicationContext.log ContextListener: attributeAdded('StockTicker', 'async.Stockticker@1894fa9f')
30-Mar-2019 18:07:03.955 INFO [Thread-4] org.apache.catalina.core.ApplicationContext.log SessionListener: contextDestroyed()
30-Mar-2019 18:07:03.955 INFO [Thread-4] org.apache.catalina.core.ApplicationContext.log ContextListener: contextDestroyed()
30-Mar-2019 18:07:09.202 INFO [main] org.apache.catalina.core.ApplicationContext.log ContextListener: contextInitialized()
30-Mar-2019 18:07:09.202 INFO [main] org.apache.catalina.core.ApplicationContext.log SessionListener: contextInitialized()
30-Mar-2019 18:07:09.204 INFO [main] org.apache.catalina.core.ApplicationContext.log ContextListener: attributeAdded('StockTicker', 'async.Stockticker@7ac48f05')
30-Mar-2019 18:32:09.723 INFO [Thread-4] org.apache.catalina.core.ApplicationContext.log SessionListener: contextDestroyed()
30-Mar-2019 18:32:09.723 INFO [Thread-4] org.apache.catalina.core.ApplicationContext.log ContextListener: contextDestroyed()
30-Mar-2019 18:32:14.625 INFO [main] org.apache.catalina.core.ApplicationContext.log ContextListener: contextInitialized()
30-Mar-2019 18:32:14.625 INFO [main] org.apache.catalina.core.ApplicationContext.log SessionListener: contextInitialized()
30-Mar-2019 18:32:14.627 INFO [main] org.apache.catalina.core.ApplicationContext.log ContextListener: attributeAdded('StockTicker', 'async.Stockticker@17216605')
30-Mar-2019 18:46:13.209 INFO [Thread-4] org.apache.catalina.core.ApplicationContext.log SessionListener: contextDestroyed()
30-Mar-2019 18:46:13.210 INFO [Thread-4] org.apache.catalina.core.ApplicationContext.log ContextListener: contextDestroyed()
30-Mar-2019 18:46:18.257 INFO [main] org.apache.catalina.core.ApplicationContext.log ContextListener: contextInitialized()
30-Mar-2019 18:46:18.257 INFO [main] org.apache.catalina.core.ApplicationContext.log SessionListener: contextInitialized()
30-Mar-2019 18:46:18.258 INFO [main] org.apache.catalina.core.ApplicationContext.log ContextListener: attributeAdded('StockTicker', 'async.Stockticker@26a4f9ed')
30-Mar-2019 19:39:49.505 INFO [Thread-4] org.apache.catalina.core.ApplicationContext.log SessionListener: contextDestroyed()
30-Mar-2019 19:39:49.506 INFO [Thread-4] org.apache.catalina.core.ApplicationContext.log ContextListener: contextDestroyed()
30-Mar-2019 19:39:56.461 INFO [main] org.apache.catalina.core.ApplicationContext.log ContextListener: contextInitialized()
30-Mar-2019 19:39:56.463 INFO [main] org.apache.catalina.core.ApplicationContext.log SessionListener: contextInitialized()
30-Mar-2019 19:39:56.464 INFO [main] org.apache.catalina.core.ApplicationContext.log ContextListener: attributeAdded('StockTicker', 'async.Stockticker@17216605')
30-Mar-2019 19:39:59.625 INFO [Thread-4] org.apache.catalina.core.ApplicationContext.log SessionListener: contextDestroyed()
30-Mar-2019 19:39:59.625 INFO [Thread-4] org.apache.catalina.core.ApplicationContext.log ContextListener: contextDestroyed()
30-Mar-2019 19:40:06.952 INFO [main] org.apache.catalina.core.ApplicationContext.log ContextListener: contextInitialized()
30-Mar-2019 19:40:06.953 INFO [main] org.apache.catalina.core.ApplicationContext.log SessionListener: contextInitialized()
30-Mar-2019 19:40:06.955 INFO [main] org.apache.catalina.core.ApplicationContext.log ContextListener: attributeAdded('StockTicker', 'async.Stockticker@3ace6346')
30-Mar-2019 19:40:11.810 INFO [Thread-4] org.apache.catalina.core.ApplicationContext.log SessionListener: contextDestroyed()
30-Mar-2019 19:40:11.810 INFO [Thread-4] org.apache.catalina.core.ApplicationContext.log ContextListener: contextDestroyed()
30-Mar-2019 19:40:27.215 INFO [main] org.apache.catalina.core.ApplicationContext.log ContextListener: contextInitialized()
30-Mar-2019 19:40:27.215 INFO [main] org.apache.catalina.core.ApplicationContext.log SessionListener: contextInitialized()
30-Mar-2019 19:40:27.217 INFO [main] org.apache.catalina.core.ApplicationContext.log ContextListener: attributeAdded('StockTicker', 'async.Stockticker@7ac48f05')
30-Mar-2019 19:40:33.558 INFO [Thread-4] org.apache.catalina.core.ApplicationContext.log SessionListener: contextDestroyed()
30-Mar-2019 19:40:33.558 INFO [Thread-4] org.apache.catalina.core.ApplicationContext.log ContextListener: contextDestroyed()
30-Mar-2019 19:40:41.090 INFO [main] org.apache.catalina.core.ApplicationContext.log ContextListener: contextInitialized()
30-Mar-2019 19:40:41.090 INFO [main] org.apache.catalina.core.ApplicationContext.log SessionListener: contextInitialized()
30-Mar-2019 19:40:41.092 INFO [main] org.apache.catalina.core.ApplicationContext.log ContextListener: attributeAdded('StockTicker', 'async.Stockticker@6c5ca0b6')
30-Mar-2019 19:42:07.796 INFO [Thread-4] org.apache.catalina.core.ApplicationContext.log SessionListener: contextDestroyed()
30-Mar-2019 19:42:07.797 INFO [Thread-4] org.apache.catalina.core.ApplicationContext.log ContextListener: contextDestroyed()
30-Mar-2019 19:42:14.271 INFO [main] org.apache.catalina.core.ApplicationContext.log ContextListener: contextInitialized()
30-Mar-2019 19:42:14.271 INFO [main] org.apache.catalina.core.ApplicationContext.log SessionListener: contextInitialized()
30-Mar-2019 19:42:14.273 INFO [main] org.apache.catalina.core.ApplicationContext.log ContextListener: attributeAdded('StockTicker', 'async.Stockticker@27ffd9f8')
30-Mar-2019 20:35:53.150 INFO [Thread-4] org.apache.catalina.core.ApplicationContext.log SessionListener: contextDestroyed()
30-Mar-2019 20:35:53.151 INFO [Thread-4] org.apache.catalina.core.ApplicationContext.log ContextListener: contextDestroyed()
30-Mar-2019 20:35:59.841 INFO [main] org.apache.catalina.core.ApplicationContext.log ContextListener: contextInitialized()
30-Mar-2019 20:35:59.842 INFO [main] org.apache.catalina.core.ApplicationContext.log SessionListener: contextInitialized()
30-Mar-2019 20:35:59.843 INFO [main] org.apache.catalina.core.ApplicationContext.log ContextListener: attributeAdded('StockTicker', 'async.Stockticker@6c5ca0b6')
30-Mar-2019 20:39:40.991 INFO [Thread-4] org.apache.catalina.core.ApplicationContext.log SessionListener: contextDestroyed()
30-Mar-2019 20:39:40.991 INFO [Thread-4] org.apache.catalina.core.ApplicationContext.log ContextListener: contextDestroyed()
30-Mar-2019 20:39:49.347 INFO [main] org.apache.catalina.core.ApplicationContext.log ContextListener: contextInitialized()
30-Mar-2019 20:39:49.348 INFO [main] org.apache.catalina.core.ApplicationContext.log SessionListener: contextInitialized()
30-Mar-2019 20:39:49.349 INFO [main] org.apache.catalina.core.ApplicationContext.log ContextListener: attributeAdded('StockTicker', 'async.Stockticker@3ace6346')
30-Mar-2019 20:46:56.322 INFO [Thread-4] org.apache.catalina.core.ApplicationContext.log SessionListener: contextDestroyed()
30-Mar-2019 20:46:56.323 INFO [Thread-4] org.apache.catalina.core.ApplicationContext.log ContextListener: contextDestroyed()
30-Mar-2019 20:47:03.174 INFO [main] org.apache.catalina.core.ApplicationContext.log ContextListener: contextInitialized()
30-Mar-2019 20:47:03.175 INFO [main] org.apache.catalina.core.ApplicationContext.log SessionListener: contextInitialized()
30-Mar-2019 20:47:03.177 INFO [main] org.apache.catalina.core.ApplicationContext.log ContextListener: attributeAdded('StockTicker', 'async.Stockticker@11826398')
30-Mar-2019 21:05:57.425 INFO [Thread-4] org.apache.catalina.core.ApplicationContext.log SessionListener: contextDestroyed()
30-Mar-2019 21:05:57.425 INFO [Thread-4] org.apache.catalina.core.ApplicationContext.log ContextListener: contextDestroyed()
30-Mar-2019 21:06:05.035 INFO [main] org.apache.catalina.core.ApplicationContext.log ContextListener: contextInitialized()
30-Mar-2019 21:06:05.036 INFO [main] org.apache.catalina.core.ApplicationContext.log SessionListener: contextInitialized()
30-Mar-2019 21:06:05.037 INFO [main] org.apache.catalina.core.ApplicationContext.log ContextListener: attributeAdded('StockTicker', 'async.Stockticker@70b33256')
30-Mar-2019 21:12:54.737 INFO [Thread-4] org.apache.catalina.core.ApplicationContext.log SessionListener: contextDestroyed()
30-Mar-2019 21:12:54.737 INFO [Thread-4] org.apache.catalina.core.ApplicationContext.log ContextListener: contextDestroyed()
30-Mar-2019 21:54:00.864 INFO [main] org.apache.catalina.core.ApplicationContext.log ContextListener: contextInitialized()
30-Mar-2019 21:54:00.864 INFO [main] org.apache.catalina.core.ApplicationContext.log SessionListener: contextInitialized()
30-Mar-2019 21:54:00.870 INFO [main] org.apache.catalina.core.ApplicationContext.log ContextListener: attributeAdded('StockTicker', 'async.Stockticker@55c1ced9')
30-Mar-2019 21:55:11.375 INFO [Thread-4] org.apache.catalina.core.ApplicationContext.log SessionListener: contextDestroyed()
30-Mar-2019 21:55:11.375 INFO [Thread-4] org.apache.catalina.core.ApplicationContext.log ContextListener: contextDestroyed()
30-Mar-2019 21:55:18.319 INFO [main] org.apache.catalina.core.ApplicationContext.log ContextListener: contextInitialized()
30-Mar-2019 21:55:18.320 INFO [main] org.apache.catalina.core.ApplicationContext.log SessionListener: contextInitialized()
30-Mar-2019 21:55:18.321 INFO [main] org.apache.catalina.core.ApplicationContext.log ContextListener: attributeAdded('StockTicker', 'async.Stockticker@11826398')
30-Mar-2019 22:27:17.009 INFO [Thread-4] org.apache.catalina.core.ApplicationContext.log SessionListener: contextDestroyed()
30-Mar-2019 22:27:17.009 INFO [Thread-4] org.apache.catalina.core.ApplicationContext.log ContextListener: contextDestroyed()
30-Mar-2019 22:27:23.089 INFO [main] org.apache.catalina.core.ApplicationContext.log ContextListener: contextInitialized()
30-Mar-2019 22:27:23.089 INFO [main] org.apache.catalina.core.ApplicationContext.log SessionListener: contextInitialized()
30-Mar-2019 22:27:23.091 INFO [main] org.apache.catalina.core.ApplicationContext.log ContextListener: attributeAdded('StockTicker', 'async.Stockticker@26a4f9ed')
30-Mar-2019 22:34:00.484 INFO [Thread-4] org.apache.catalina.core.ApplicationContext.log SessionListener: contextDestroyed()
30-Mar-2019 22:34:00.484 INFO [Thread-4] org.apache.catalina.core.ApplicationContext.log ContextListener: contextDestroyed()
30-Mar-2019 22:36:04.963 INFO [main] org.apache.catalina.core.ApplicationContext.log ContextListener: contextInitialized()
30-Mar-2019 22:36:04.963 INFO [main] org.apache.catalina.core.ApplicationContext.log SessionListener: contextInitialized()
30-Mar-2019 22:36:04.965 INFO [main] org.apache.catalina.core.ApplicationContext.log ContextListener: attributeAdded('StockTicker', 'async.Stockticker@55c1ced9')
30-Mar-2019 22:41:47.203 INFO [main] org.apache.catalina.core.ApplicationContext.log ContextListener: contextInitialized()
30-Mar-2019 22:41:47.203 INFO [main] org.apache.catalina.core.ApplicationContext.log SessionListener: contextInitialized()
30-Mar-2019 22:41:47.205 INFO [main] org.apache.catalina.core.ApplicationContext.log ContextListener: attributeAdded('StockTicker', 'async.Stockticker@dada335')
30-Mar-2019 22:41:47.988 INFO [main] org.apache.catalina.core.ApplicationContext.log SessionListener: contextDestroyed()
30-Mar-2019 22:41:47.988 INFO [main] org.apache.catalina.core.ApplicationContext.log ContextListener: contextDestroyed()
30-Mar-2019 22:42:15.549 INFO [main] org.apache.catalina.core.ApplicationContext.log ContextListener: contextInitialized()
30-Mar-2019 22:42:15.550 INFO [main] org.apache.catalina.core.ApplicationContext.log SessionListener: contextInitialized()
30-Mar-2019 22:42:15.552 INFO [main] org.apache.catalina.core.ApplicationContext.log ContextListener: attributeAdded('StockTicker', 'async.Stockticker@6f315b08')
30-Mar-2019 22:42:16.289 INFO [main] org.apache.catalina.core.ApplicationContext.log SessionListener: contextDestroyed()
30-Mar-2019 22:42:16.289 INFO [main] org.apache.catalina.core.ApplicationContext.log ContextListener: contextDestroyed()
30-Mar-2019 22:43:15.858 INFO [main] org.apache.catalina.core.ApplicationContext.log ContextListener: contextInitialized()
30-Mar-2019 22:43:15.858 INFO [main] org.apache.catalina.core.ApplicationContext.log SessionListener: contextInitialized()
30-Mar-2019 22:43:15.860 INFO [main] org.apache.catalina.core.ApplicationContext.log ContextListener: attributeAdded('StockTicker', 'async.Stockticker@3915e7c3')
30-Mar-2019 22:43:16.607 INFO [main] org.apache.catalina.core.ApplicationContext.log SessionListener: contextDestroyed()
30-Mar-2019 22:43:16.607 INFO [main] org.apache.catalina.core.ApplicationContext.log ContextListener: contextDestroyed()
30-Mar-2019 22:44:45.740 INFO [Thread-4] org.apache.catalina.core.ApplicationContext.log SessionListener: contextDestroyed()
30-Mar-2019 22:44:45.740 INFO [Thread-4] org.apache.catalina.core.ApplicationContext.log ContextListener: contextDestroyed()
